c:\users\alumnos.alumnos\desktop\consoleapplication1\consoleapplication1\debug\vc140.pdb
c:\users\alumnos.alumnos\desktop\consoleapplication1\consoleapplication1\debug\vc140.idb
c:\users\alumnos.alumnos\desktop\consoleapplication1\consoleapplication1\debug\cuentacorriente.obj
c:\users\alumnos.alumnos\desktop\consoleapplication1\consoleapplication1\debug\dimension.obj
c:\users\alumnos.alumnos\desktop\consoleapplication1\consoleapplication1\debug\empleado.obj
c:\users\alumnos.alumnos\desktop\consoleapplication1\consoleapplication1\debug\fecha.obj
c:\users\alumnos.alumnos\desktop\consoleapplication1\consoleapplication1\debug\gerente.obj
c:\users\alumnos.alumnos\desktop\consoleapplication1\consoleapplication1\debug\ecg.obj
c:\users\alumnos.alumnos\desktop\consoleapplication1\consoleapplication1\debug\equipo.obj
c:\users\alumnos.alumnos\desktop\consoleapplication1\consoleapplication1\debug\mda.obj
c:\users\alumnos.alumnos\desktop\consoleapplication1\consoleapplication1\debug\main.obj
c:\users\alumnos.alumnos\desktop\consoleapplication1\consoleapplication1\debug\mantenimiento.obj
c:\users\alumnos.alumnos\desktop\consoleapplication1\consoleapplication1\debug\rsp.obj
c:\users\alumnos.alumnos\desktop\consoleapplication1\consoleapplication1\debug\tecnico.obj
c:\users\alumnos.alumnos\desktop\consoleapplication1\consoleapplication1\debug\calendario.obj
c:\users\alumnos.alumnos\desktop\consoleapplication1\debug\consoleapplication1.exe
c:\users\alumnos.alumnos\desktop\consoleapplication1\consoleapplication1\debug\consolea.3d738e37.tlog\cl.command.1.tlog
c:\users\alumnos.alumnos\desktop\consoleapplication1\consoleapplication1\debug\consolea.3d738e37.tlog\cl.read.1.tlog
c:\users\alumnos.alumnos\desktop\consoleapplication1\consoleapplication1\debug\consolea.3d738e37.tlog\cl.write.1.tlog
c:\users\alumnos.alumnos\desktop\consoleapplication1\consoleapplication1\debug\consolea.3d738e37.tlog\link.command.1.tlog
c:\users\alumnos.alumnos\desktop\consoleapplication1\consoleapplication1\debug\consolea.3d738e37.tlog\link.read.1.tlog
c:\users\alumnos.alumnos\desktop\consoleapplication1\consoleapplication1\debug\consolea.3d738e37.tlog\link.write.1.tlog
